<?xml version="1.0" encoding="UTF-8"?>
<testng-results skipped="0" failed="0" ignored="11" total="14" passed="3">
  <reporter-output>
    <line>
      <![CDATA[About to begin executing Suite :- Academy-Automation]]>
    </line>
    <line>
      <![CDATA[About to begin executing method :- TestEngineWeb.beforeSuite]]>
    </line>
    <line>
      <![CDATA[Completed executing method  :- TestEngineWeb.beforeSuite]]>
    </line>
    <line>
      <![CDATA[About to begin executing Test :- Test-chrome-Web]]>
    </line>
    <line>
      <![CDATA[About to begin executing method :- TestEngineWeb.beforeTest]]>
    </line>
    <line>
      <![CDATA[Completed executing method  :- TestEngineWeb.beforeTest]]>
    </line>
    <line>
      <![CDATA[About to begin executing method :- AbstractTestNGCucumberTests.setUpClass]]>
    </line>
    <line>
      <![CDATA[Completed executing method  :- AbstractTestNGCucumberTests.setUpClass]]>
    </line>
    <line>
      <![CDATA[About to begin executing method :- TestEngineWeb.beforeClass]]>
    </line>
    <line>
      <![CDATA[Completed executing method  :- TestEngineWeb.beforeClass]]>
    </line>
    <line>
      <![CDATA[About to begin executing method :- TestEngineWeb.beforeMethod]]>
    </line>
    <line>
      <![CDATA[Completed executing method  :- TestEngineWeb.beforeMethod]]>
    </line>
    <line>
      <![CDATA[About to begin Test :- BookACruiseStep]]>
    </line>
    <line>
      <![CDATA[About to begin executing method :- BookACruiseStep.BookACruiseStep]]>
    </line>
    <line>
      <![CDATA[Completed executing method  :- BookACruiseStep.BookACruiseStep]]>
    </line>
    <line>
      <![CDATA[About to begin executing method :- TestEngineWeb.afterMethod]]>
    </line>
    <line>
      <![CDATA[Completed executing method  :- TestEngineWeb.afterMethod]]>
    </line>
    <line>
      <![CDATA[About to begin executing method :- TestEngineWeb.afterClass]]>
    </line>
    <line>
      <![CDATA[Completed executing method  :- TestEngineWeb.afterClass]]>
    </line>
    <line>
      <![CDATA[About to begin executing method :- AbstractTestNGCucumberTests.tearDownClass]]>
    </line>
    <line>
      <![CDATA[Completed executing method  :- AbstractTestNGCucumberTests.tearDownClass]]>
    </line>
    <line>
      <![CDATA[About to begin executing method :- AbstractTestNGCucumberTests.setUpClass]]>
    </line>
    <line>
      <![CDATA[Completed executing method  :- AbstractTestNGCucumberTests.setUpClass]]>
    </line>
    <line>
      <![CDATA[About to begin executing method :- TestEngineWeb.beforeClass]]>
    </line>
    <line>
      <![CDATA[Completed executing method  :- TestEngineWeb.beforeClass]]>
    </line>
    <line>
      <![CDATA[About to begin executing method :- TestEngineWeb.beforeMethod]]>
    </line>
    <line>
      <![CDATA[Completed executing method  :- TestEngineWeb.beforeMethod]]>
    </line>
    <line>
      <![CDATA[About to begin Test :- SignUp]]>
    </line>
    <line>
      <![CDATA[About to begin executing method :- SignUpAsLearnerStep.SignUp]]>
    </line>
    <line>
      <![CDATA[Completed executing method  :- SignUpAsLearnerStep.SignUp]]>
    </line>
    <line>
      <![CDATA[About to begin executing method :- TestEngineWeb.afterMethod]]>
    </line>
    <line>
      <![CDATA[Completed executing method  :- TestEngineWeb.afterMethod]]>
    </line>
    <line>
      <![CDATA[About to begin executing method :- TestEngineWeb.afterClass]]>
    </line>
    <line>
      <![CDATA[Completed executing method  :- TestEngineWeb.afterClass]]>
    </line>
    <line>
      <![CDATA[About to begin executing method :- AbstractTestNGCucumberTests.tearDownClass]]>
    </line>
    <line>
      <![CDATA[Completed executing method  :- AbstractTestNGCucumberTests.tearDownClass]]>
    </line>
    <line>
      <![CDATA[About to begin executing method :- AbstractTestNGCucumberTests.setUpClass]]>
    </line>
    <line>
      <![CDATA[Completed executing method  :- AbstractTestNGCucumberTests.setUpClass]]>
    </line>
    <line>
      <![CDATA[About to begin executing method :- TestEngineWeb.beforeClass]]>
    </line>
    <line>
      <![CDATA[Completed executing method  :- TestEngineWeb.beforeClass]]>
    </line>
    <line>
      <![CDATA[About to begin executing method :- TestEngineWeb.beforeMethod]]>
    </line>
    <line>
      <![CDATA[Completed executing method  :- TestEngineWeb.beforeMethod]]>
    </line>
    <line>
      <![CDATA[About to begin Test :- WithValidLoginCredentials]]>
    </line>
    <line>
      <![CDATA[About to begin executing method :- LoginWithValidLearnerCredentialsStep.WithValidLoginCredentials]]>
    </line>
    <line>
      <![CDATA[Completed executing method  :- LoginWithValidLearnerCredentialsStep.WithValidLoginCredentials]]>
    </line>
    <line>
      <![CDATA[About to begin executing method :- TestEngineWeb.afterMethod]]>
    </line>
    <line>
      <![CDATA[Completed executing method  :- TestEngineWeb.afterMethod]]>
    </line>
    <line>
      <![CDATA[About to begin executing method :- TestEngineWeb.afterClass]]>
    </line>
    <line>
      <![CDATA[Completed executing method  :- TestEngineWeb.afterClass]]>
    </line>
    <line>
      <![CDATA[About to begin executing method :- AbstractTestNGCucumberTests.tearDownClass]]>
    </line>
    <line>
      <![CDATA[Completed executing method  :- AbstractTestNGCucumberTests.tearDownClass]]>
    </line>
    <line>
      <![CDATA[About to begin executing method :- TestEngineWeb.afterTest]]>
    </line>
    <line>
      <![CDATA[Completed executing method  :- TestEngineWeb.afterTest]]>
    </line>
    <line>
      <![CDATA[About to begin executing method :- TestEngineWeb.afterSuite]]>
    </line>
    <line>
      <![CDATA[Completed executing method  :- TestEngineWeb.afterSuite]]>
    </line>
  </reporter-output>
  <suite name="Academy-Automation" duration-ms="184198" started-at="2018-04-13T07:05:01Z" finished-at="2018-04-13T07:08:05Z">
    <groups>
      <group name="smoke">
        <method signature="BookACruiseStep.BookACruiseStep()[pri:0, instance:com.vv.test.automation.web.stepdefinition.BookACruiseStep@341b80b2]" name="BookACruiseStep" class="com.vv.test.automation.web.stepdefinition.BookACruiseStep"/>
        <method signature="LoginWithValidLearnerCredentialsStep.WithValidLoginCredentials()[pri:0, instance:com.vv.test.automation.web.stepdefinition.LoginWithValidLearnerCredentialsStep@105fece7]" name="WithValidLoginCredentials" class="com.vv.test.automation.web.stepdefinition.LoginWithValidLearnerCredentialsStep"/>
        <method signature="SignUpAsLearnerStep.SignUp()[pri:0, instance:com.vv.test.automation.web.stepdefinition.SignUpAsLearnerStep@1b083826]" name="SignUp" class="com.vv.test.automation.web.stepdefinition.SignUpAsLearnerStep"/>
      </group> <!-- smoke -->
    </groups>
    <test name="Test-chrome-Web" duration-ms="184198" started-at="2018-04-13T07:05:01Z" finished-at="2018-04-13T07:08:05Z">
      <class name="com.vv.test.automation.web.stepdefinition.BookACruiseStep">
        <test-method status="PASS" signature="beforeSuite(org.testng.ITestContext)[pri:0, instance:com.vv.test.automation.web.stepdefinition.BookACruiseStep@341b80b2]" name="beforeSuite" is-config="true" duration-ms="33" started-at="2018-04-13T07:05:01Z" finished-at="2018-04-13T07:05:01Z">
          <params>
            <param index="0">
              <value>
                <![CDATA[org.testng.TestRunner@78aab498]]>
              </value>
            </param>
          </params>
          <reporter-output>
            <line>
              <![CDATA[Completed executing method  :- TestEngineWeb.beforeSuite]]>
            </line>
          </reporter-output>
        </test-method> <!-- beforeSuite -->
        <test-method status="PASS" signature="beforeTest(org.testng.ITestContext)[pri:0, instance:com.vv.test.automation.web.stepdefinition.BookACruiseStep@341b80b2]" name="beforeTest" is-config="true" duration-ms="1573" started-at="2018-04-13T07:05:01Z" finished-at="2018-04-13T07:05:03Z">
          <params>
            <param index="0">
              <value>
                <![CDATA[org.testng.TestRunner@78aab498]]>
              </value>
            </param>
          </params>
          <reporter-output>
            <line>
              <![CDATA[Completed executing method  :- TestEngineWeb.beforeTest]]>
            </line>
          </reporter-output>
        </test-method> <!-- beforeTest -->
        <test-method status="PASS" signature="setUpClass()[pri:0, instance:com.vv.test.automation.web.stepdefinition.BookACruiseStep@341b80b2]" name="setUpClass" is-config="true" duration-ms="278" started-at="2018-04-13T07:05:03Z" finished-at="2018-04-13T07:05:03Z">
          <reporter-output>
            <line>
              <![CDATA[Completed executing method  :- AbstractTestNGCucumberTests.setUpClass]]>
            </line>
          </reporter-output>
        </test-method> <!-- setUpClass -->
        <test-method status="PASS" signature="beforeClass()[pri:0, instance:com.vv.test.automation.web.stepdefinition.BookACruiseStep@341b80b2]" name="beforeClass" is-config="true" duration-ms="44777" started-at="2018-04-13T07:05:03Z" finished-at="2018-04-13T07:05:48Z">
          <reporter-output>
            <line>
              <![CDATA[Completed executing method  :- TestEngineWeb.beforeClass]]>
            </line>
          </reporter-output>
        </test-method> <!-- beforeClass -->
        <test-method status="PASS" signature="beforeMethod(java.lang.reflect.Method)[pri:0, instance:com.vv.test.automation.web.stepdefinition.BookACruiseStep@341b80b2]" name="beforeMethod" is-config="true" duration-ms="155" started-at="2018-04-13T07:05:48Z" finished-at="2018-04-13T07:05:48Z">
          <params>
            <param index="0">
              <value>
                <![CDATA[public void com.vv.test.automation.web.stepdefinition.BookACruiseStep.BookACruiseStep()]]>
              </value>
            </param>
          </params>
          <reporter-output>
            <line>
              <![CDATA[Completed executing method  :- TestEngineWeb.beforeMethod]]>
            </line>
          </reporter-output>
        </test-method> <!-- beforeMethod -->
        <test-method status="PASS" signature="BookACruiseStep()[pri:0, instance:com.vv.test.automation.web.stepdefinition.BookACruiseStep@341b80b2]" name="BookACruiseStep" duration-ms="42381" started-at="2018-04-13T07:05:48Z" description="BookACruise" finished-at="2018-04-13T07:06:30Z">
          <reporter-output>
            <line>
              <![CDATA[About to begin Test :- BookACruiseStep]]>
            </line>
            <line>
              <![CDATA[About to begin executing method :- BookACruiseStep.BookACruiseStep]]>
            </line>
            <line>
              <![CDATA[Completed executing method  :- BookACruiseStep.BookACruiseStep]]>
            </line>
            <line>
              <![CDATA[About to begin executing method :- TestEngineWeb.afterMethod]]>
            </line>
          </reporter-output>
        </test-method> <!-- BookACruiseStep -->
        <test-method status="PASS" signature="afterMethod(java.lang.reflect.Method, org.testng.ITestResult)[pri:0, instance:com.vv.test.automation.web.stepdefinition.BookACruiseStep@341b80b2]" name="afterMethod" is-config="true" duration-ms="247" started-at="2018-04-13T07:06:30Z" finished-at="2018-04-13T07:06:30Z">
          <params>
            <param index="0">
              <value>
                <![CDATA[public void com.vv.test.automation.web.stepdefinition.BookACruiseStep.BookACruiseStep()]]>
              </value>
            </param>
            <param index="1">
              <value>
                <![CDATA[[TestResult name=BookACruiseStep status=SUCCESS method=BookACruiseStep.BookACruiseStep()[pri:0, instance:com.vv.test.automation.web.stepdefinition.BookACruiseStep@341b80b2] output=About to begin Test :- BookACruiseStep]]]>
              </value>
            </param>
          </params>
          <reporter-output>
            <line>
              <![CDATA[Completed executing method  :- TestEngineWeb.afterMethod]]>
            </line>
          </reporter-output>
        </test-method> <!-- afterMethod -->
        <test-method status="PASS" signature="afterClass()[pri:0, instance:com.vv.test.automation.web.stepdefinition.BookACruiseStep@341b80b2]" name="afterClass" is-config="true" duration-ms="6407" started-at="2018-04-13T07:06:30Z" finished-at="2018-04-13T07:06:37Z">
          <reporter-output>
            <line>
              <![CDATA[Completed executing method  :- TestEngineWeb.afterClass]]>
            </line>
          </reporter-output>
        </test-method> <!-- afterClass -->
        <test-method status="PASS" signature="tearDownClass()[pri:0, instance:com.vv.test.automation.web.stepdefinition.BookACruiseStep@341b80b2]" name="tearDownClass" is-config="true" duration-ms="0" started-at="2018-04-13T07:06:37Z" finished-at="2018-04-13T07:06:37Z">
          <reporter-output>
            <line>
              <![CDATA[Completed executing method  :- AbstractTestNGCucumberTests.tearDownClass]]>
            </line>
          </reporter-output>
        </test-method> <!-- tearDownClass -->
        <test-method status="PASS" signature="afterTest()[pri:0, instance:com.vv.test.automation.web.stepdefinition.BookACruiseStep@341b80b2]" name="afterTest" is-config="true" duration-ms="0" started-at="2018-04-13T07:08:05Z" finished-at="2018-04-13T07:08:05Z">
          <reporter-output>
            <line>
              <![CDATA[Completed executing method  :- TestEngineWeb.afterTest]]>
            </line>
          </reporter-output>
        </test-method> <!-- afterTest -->
        <test-method status="PASS" signature="afterSuite()[pri:0, instance:com.vv.test.automation.web.stepdefinition.BookACruiseStep@341b80b2]" name="afterSuite" is-config="true" duration-ms="62" started-at="2018-04-13T07:08:05Z" finished-at="2018-04-13T07:08:05Z">
          <reporter-output>
            <line>
              <![CDATA[Completed executing method  :- TestEngineWeb.afterSuite]]>
            </line>
          </reporter-output>
        </test-method> <!-- afterSuite -->
      </class> <!-- com.vv.test.automation.web.stepdefinition.BookACruiseStep -->
      <class name="com.vv.test.automation.web.stepdefinition.SignUpAsLearnerStep">
        <test-method status="PASS" signature="setUpClass()[pri:0, instance:com.vv.test.automation.web.stepdefinition.SignUpAsLearnerStep@1b083826]" name="setUpClass" is-config="true" duration-ms="37" started-at="2018-04-13T07:06:37Z" finished-at="2018-04-13T07:06:37Z">
          <reporter-output>
            <line>
              <![CDATA[Completed executing method  :- AbstractTestNGCucumberTests.setUpClass]]>
            </line>
          </reporter-output>
        </test-method> <!-- setUpClass -->
        <test-method status="PASS" signature="beforeClass()[pri:0, instance:com.vv.test.automation.web.stepdefinition.SignUpAsLearnerStep@1b083826]" name="beforeClass" is-config="true" duration-ms="31803" started-at="2018-04-13T07:06:37Z" finished-at="2018-04-13T07:07:09Z">
          <reporter-output>
            <line>
              <![CDATA[Completed executing method  :- TestEngineWeb.beforeClass]]>
            </line>
          </reporter-output>
        </test-method> <!-- beforeClass -->
        <test-method status="PASS" signature="beforeMethod(java.lang.reflect.Method)[pri:0, instance:com.vv.test.automation.web.stepdefinition.SignUpAsLearnerStep@1b083826]" name="beforeMethod" is-config="true" duration-ms="2" started-at="2018-04-13T07:07:09Z" finished-at="2018-04-13T07:07:09Z">
          <params>
            <param index="0">
              <value>
                <![CDATA[public void com.vv.test.automation.web.stepdefinition.SignUpAsLearnerStep.SignUp()]]>
              </value>
            </param>
          </params>
          <reporter-output>
            <line>
              <![CDATA[Completed executing method  :- TestEngineWeb.beforeMethod]]>
            </line>
          </reporter-output>
        </test-method> <!-- beforeMethod -->
        <test-method status="PASS" signature="SignUp()[pri:0, instance:com.vv.test.automation.web.stepdefinition.SignUpAsLearnerStep@1b083826]" name="SignUp" duration-ms="9380" started-at="2018-04-13T07:07:09Z" description="KhanAcademy" finished-at="2018-04-13T07:07:18Z">
          <reporter-output>
            <line>
              <![CDATA[About to begin Test :- SignUp]]>
            </line>
            <line>
              <![CDATA[About to begin executing method :- SignUpAsLearnerStep.SignUp]]>
            </line>
            <line>
              <![CDATA[Completed executing method  :- SignUpAsLearnerStep.SignUp]]>
            </line>
            <line>
              <![CDATA[About to begin executing method :- TestEngineWeb.afterMethod]]>
            </line>
          </reporter-output>
        </test-method> <!-- SignUp -->
        <test-method status="PASS" signature="afterMethod(java.lang.reflect.Method, org.testng.ITestResult)[pri:0, instance:com.vv.test.automation.web.stepdefinition.SignUpAsLearnerStep@1b083826]" name="afterMethod" is-config="true" duration-ms="61" started-at="2018-04-13T07:07:18Z" finished-at="2018-04-13T07:07:18Z">
          <params>
            <param index="0">
              <value>
                <![CDATA[public void com.vv.test.automation.web.stepdefinition.SignUpAsLearnerStep.SignUp()]]>
              </value>
            </param>
            <param index="1">
              <value>
                <![CDATA[[TestResult name=SignUp status=SUCCESS method=SignUpAsLearnerStep.SignUp()[pri:0, instance:com.vv.test.automation.web.stepdefinition.SignUpAsLearnerStep@1b083826] output=About to begin Test :- SignUp]]]>
              </value>
            </param>
          </params>
          <reporter-output>
            <line>
              <![CDATA[Completed executing method  :- TestEngineWeb.afterMethod]]>
            </line>
          </reporter-output>
        </test-method> <!-- afterMethod -->
        <test-method status="PASS" signature="afterClass()[pri:0, instance:com.vv.test.automation.web.stepdefinition.SignUpAsLearnerStep@1b083826]" name="afterClass" is-config="true" duration-ms="6089" started-at="2018-04-13T07:07:18Z" finished-at="2018-04-13T07:07:24Z">
          <reporter-output>
            <line>
              <![CDATA[Completed executing method  :- TestEngineWeb.afterClass]]>
            </line>
          </reporter-output>
        </test-method> <!-- afterClass -->
        <test-method status="PASS" signature="tearDownClass()[pri:0, instance:com.vv.test.automation.web.stepdefinition.SignUpAsLearnerStep@1b083826]" name="tearDownClass" is-config="true" duration-ms="0" started-at="2018-04-13T07:07:24Z" finished-at="2018-04-13T07:07:24Z">
          <reporter-output>
            <line>
              <![CDATA[Completed executing method  :- AbstractTestNGCucumberTests.tearDownClass]]>
            </line>
          </reporter-output>
        </test-method> <!-- tearDownClass -->
      </class> <!-- com.vv.test.automation.web.stepdefinition.SignUpAsLearnerStep -->
      <class name="com.vv.test.automation.web.stepdefinition.LoginWithValidLearnerCredentialsStep">
        <test-method status="PASS" signature="setUpClass()[pri:0, instance:com.vv.test.automation.web.stepdefinition.LoginWithValidLearnerCredentialsStep@105fece7]" name="setUpClass" is-config="true" duration-ms="1" started-at="2018-04-13T07:07:24Z" finished-at="2018-04-13T07:07:24Z">
          <reporter-output>
            <line>
              <![CDATA[Completed executing method  :- AbstractTestNGCucumberTests.setUpClass]]>
            </line>
          </reporter-output>
        </test-method> <!-- setUpClass -->
        <test-method status="PASS" signature="beforeClass()[pri:0, instance:com.vv.test.automation.web.stepdefinition.LoginWithValidLearnerCredentialsStep@105fece7]" name="beforeClass" is-config="true" duration-ms="16834" started-at="2018-04-13T07:07:24Z" finished-at="2018-04-13T07:07:41Z">
          <reporter-output>
            <line>
              <![CDATA[Completed executing method  :- TestEngineWeb.beforeClass]]>
            </line>
          </reporter-output>
        </test-method> <!-- beforeClass -->
        <test-method status="PASS" signature="beforeMethod(java.lang.reflect.Method)[pri:0, instance:com.vv.test.automation.web.stepdefinition.LoginWithValidLearnerCredentialsStep@105fece7]" name="beforeMethod" is-config="true" duration-ms="2" started-at="2018-04-13T07:07:41Z" finished-at="2018-04-13T07:07:41Z">
          <params>
            <param index="0">
              <value>
                <![CDATA[public void com.vv.test.automation.web.stepdefinition.LoginWithValidLearnerCredentialsStep.WithValidLoginCredentials()]]>
              </value>
            </param>
          </params>
          <reporter-output>
            <line>
              <![CDATA[Completed executing method  :- TestEngineWeb.beforeMethod]]>
            </line>
          </reporter-output>
        </test-method> <!-- beforeMethod -->
        <test-method status="PASS" signature="WithValidLoginCredentials()[pri:0, instance:com.vv.test.automation.web.stepdefinition.LoginWithValidLearnerCredentialsStep@105fece7]" name="WithValidLoginCredentials" duration-ms="17954" started-at="2018-04-13T07:07:41Z" description="WithValidLoginCredentials" finished-at="2018-04-13T07:07:59Z">
          <reporter-output>
            <line>
              <![CDATA[About to begin Test :- WithValidLoginCredentials]]>
            </line>
            <line>
              <![CDATA[About to begin executing method :- LoginWithValidLearnerCredentialsStep.WithValidLoginCredentials]]>
            </line>
            <line>
              <![CDATA[Completed executing method  :- LoginWithValidLearnerCredentialsStep.WithValidLoginCredentials]]>
            </line>
            <line>
              <![CDATA[About to begin executing method :- TestEngineWeb.afterMethod]]>
            </line>
          </reporter-output>
        </test-method> <!-- WithValidLoginCredentials -->
        <test-method status="PASS" signature="afterMethod(java.lang.reflect.Method, org.testng.ITestResult)[pri:0, instance:com.vv.test.automation.web.stepdefinition.LoginWithValidLearnerCredentialsStep@105fece7]" name="afterMethod" is-config="true" duration-ms="19" started-at="2018-04-13T07:07:59Z" finished-at="2018-04-13T07:07:59Z">
          <params>
            <param index="0">
              <value>
                <![CDATA[public void com.vv.test.automation.web.stepdefinition.LoginWithValidLearnerCredentialsStep.WithValidLoginCredentials()]]>
              </value>
            </param>
            <param index="1">
              <value>
                <![CDATA[[TestResult name=WithValidLoginCredentials status=SUCCESS method=LoginWithValidLearnerCredentialsStep.WithValidLoginCredentials()[pri:0, instance:com.vv.test.automation.web.stepdefinition.LoginWithValidLearnerCredentialsStep@105fece7] output=About to begin Test :- WithValidLoginCredentials]]]>
              </value>
            </param>
          </params>
          <reporter-output>
            <line>
              <![CDATA[Completed executing method  :- TestEngineWeb.afterMethod]]>
            </line>
          </reporter-output>
        </test-method> <!-- afterMethod -->
        <test-method status="PASS" signature="afterClass()[pri:0, instance:com.vv.test.automation.web.stepdefinition.LoginWithValidLearnerCredentialsStep@105fece7]" name="afterClass" is-config="true" duration-ms="6187" started-at="2018-04-13T07:07:59Z" finished-at="2018-04-13T07:08:05Z">
          <reporter-output>
            <line>
              <![CDATA[Completed executing method  :- TestEngineWeb.afterClass]]>
            </line>
          </reporter-output>
        </test-method> <!-- afterClass -->
        <test-method status="PASS" signature="tearDownClass()[pri:0, instance:com.vv.test.automation.web.stepdefinition.LoginWithValidLearnerCredentialsStep@105fece7]" name="tearDownClass" is-config="true" duration-ms="0" started-at="2018-04-13T07:08:05Z" finished-at="2018-04-13T07:08:05Z">
          <reporter-output>
            <line>
              <![CDATA[Completed executing method  :- AbstractTestNGCucumberTests.tearDownClass]]>
            </line>
          </reporter-output>
        </test-method> <!-- tearDownClass -->
      </class> <!-- com.vv.test.automation.web.stepdefinition.LoginWithValidLearnerCredentialsStep -->
    </test> <!-- Test-chrome-Web -->
  </suite> <!-- Academy-Automation -->
</testng-results>
